[2025-12-13 17:32:52] local.ERROR: syntax error, unexpected identifier "icons", expecting ")" {"view":{"view":"D:\\Dream\\Laravel Deep Learning\\zyco\\resources\\views\\backend\\driver_menus.blade.php","data":{"errors":"<pre class=sf-dump id=sf-dump-1822362597 data-indent-pad=\"  \"><span class=sf-dump-note>Illuminate\\Support\\ViewErrorBag</span> {<a class=sf-dump-ref>#493</a><samp data-depth=1 class=sf-dump-expanded>
  #<span class=sf-dump-protected title=\"Protected property\">bags</span>: []
</samp>}
</pre><script>Sfdump(\"sf-dump-1822362597\", {\"maxDepth\":3,\"maxStringLength\":160})</script>
","result":"<pre class=sf-dump id=sf-dump-1596076727 data-indent-pad=\"  \">{<a class=sf-dump-ref>#1210</a><samp data-depth=1 class=sf-dump-expanded>
  +\"<span class=sf-dump-public title=\"Runtime added dynamic property\">id</span>\": <span class=sf-dump-num>1</span>
  +\"<span class=sf-dump-public title=\"Runtime added dynamic property\">name</span>\": \"<span class=sf-dump-str title=\"11 characters\">John Driver</span>\"
  +\"<span class=sf-dump-public title=\"Runtime added dynamic property\">username</span>\": \"<span class=sf-dump-str title=\"10 characters\">johndriver</span>\"
  +\"<span class=sf-dump-public title=\"Runtime added dynamic property\">first_name</span>\": \"<span class=sf-dump-str title=\"4 characters\">John</span>\"
  +\"<span class=sf-dump-public title=\"Runtime added dynamic property\">last_name</span>\": \"<span class=sf-dump-str title=\"6 characters\">Driver</span>\"
  +\"<span class=sf-dump-public title=\"Runtime added dynamic property\">email</span>\": \"<span class=sf-dump-str title=\"15 characters\">driver@test.com</span>\"
  +\"<span class=sf-dump-public title=\"Runtime added dynamic property\">alt_email</span>\": \"<span class=sf-dump-str title=\"24 characters\">john.driver@personal.com</span>\"
  +\"<span class=sf-dump-public title=\"Runtime added dynamic property\">mobile_number</span>\": \"<span class=sf-dump-str title=\"12 characters\">+31612345678</span>\"
  +\"<span class=sf-dump-public title=\"Runtime added dynamic property\">can_speak</span>\": \"<span class=sf-dump-str title=\"13 characters\">English,Dutch</span>\"
  +\"<span class=sf-dump-public title=\"Runtime added dynamic property\">country_code</span>\": \"<span class=sf-dump-str title=\"3 characters\">+31</span>\"
  +\"<span class=sf-dump-public title=\"Runtime added dynamic property\">base_city</span>\": \"<span class=sf-dump-str title=\"9 characters\">Amsterdam</span>\"
  +\"<span class=sf-dump-public title=\"Runtime added dynamic property\">time_zone</span>\": \"<span class=sf-dump-str title=\"16 characters\">Europe/Amsterdam</span>\"
  +\"<span class=sf-dump-public title=\"Runtime added dynamic property\">language</span>\": \"<span class=sf-dump-str title=\"2 characters\">en</span>\"
  +\"<span class=sf-dump-public title=\"Runtime added dynamic property\">profile_picture</span>\": <span class=sf-dump-const>null</span>
  +\"<span class=sf-dump-public title=\"Runtime added dynamic property\">email_verified_at</span>\": \"<span class=sf-dump-str title=\"19 characters\">2025-12-13 17:21:49</span>\"
  +\"<span class=sf-dump-public title=\"Runtime added dynamic property\">password</span>\": \"<span class=sf-dump-str title=\"60 characters\">$2y$12$KHww0GhyuotaK0BknuuviOqDS3ri.oyoOmyoRipFb4b14ehabU6Gi</span>\"
  +\"<span class=sf-dump-public title=\"Runtime added dynamic property\">user_type</span>\": \"<span class=sf-dump-str title=\"6 characters\">Driver</span>\"
  +\"<span class=sf-dump-public title=\"Runtime added dynamic property\">need_otp</span>\": \"<span class=sf-dump-str title=\"7 characters\">Enabled</span>\"
  +\"<span class=sf-dump-public title=\"Runtime added dynamic property\">remember_token</span>\": <span class=sf-dump-const>null</span>
  +\"<span class=sf-dump-public title=\"Runtime added dynamic property\">created_at</span>\": \"<span class=sf-dump-str title=\"19 characters\">2025-12-13 17:21:50</span>\"
  +\"<span class=sf-dump-public title=\"Runtime added dynamic property\">updated_at</span>\": \"<span class=sf-dump-str title=\"19 characters\">2025-12-13 17:21:50</span>\"
  +\"<span class=sf-dump-public title=\"Runtime added dynamic property\">favorites</span>\": <span class=sf-dump-const>null</span>
</samp>}
</pre><script>Sfdump(\"sf-dump-1596076727\", {\"maxDepth\":3,\"maxStringLength\":160})</script>
","documents":"<pre class=sf-dump id=sf-dump-425428389 data-indent-pad=\"  \"><span class=sf-dump-note>Illuminate\\Support\\Collection</span> {<a class=sf-dump-ref>#1204</a><samp data-depth=1 class=sf-dump-expanded>
  #<span class=sf-dump-protected title=\"Protected property\">items</span>: []
  #<span class=sf-dump-protected title=\"Protected property\">escapeWhenCastingToString</span>: <span class=sf-dump-const>false</span>
</samp>}
</pre><script>Sfdump(\"sf-dump-425428389\", {\"maxDepth\":3,\"maxStringLength\":160})</script>
","user_profileInfo":"<pre class=sf-dump id=sf-dump-1696480014 data-indent-pad=\"  \"><span class=sf-dump-const>null</span>
</pre><script>Sfdump(\"sf-dump-1696480014\", {\"maxDepth\":3,\"maxStringLength\":160})</script>
","users_bankinfo":"<pre class=sf-dump id=sf-dump-1646510696 data-indent-pad=\"  \"><span class=sf-dump-const>null</span>
</pre><script>Sfdump(\"sf-dump-1646510696\", {\"maxDepth\":3,\"maxStringLength\":160})</script>
","basicInfo":"<pre class=sf-dump id=sf-dump-1155920709 data-indent-pad=\"  \">{<a class=sf-dump-ref>#1210</a><samp data-depth=1 class=sf-dump-expanded>
  +\"<span class=sf-dump-public title=\"Runtime added dynamic property\">id</span>\": <span class=sf-dump-num>1</span>
  +\"<span class=sf-dump-public title=\"Runtime added dynamic property\">name</span>\": \"<span class=sf-dump-str title=\"11 characters\">John Driver</span>\"
  +\"<span class=sf-dump-public title=\"Runtime added dynamic property\">username</span>\": \"<span class=sf-dump-str title=\"10 characters\">johndriver</span>\"
  +\"<span class=sf-dump-public title=\"Runtime added dynamic property\">first_name</span>\": \"<span class=sf-dump-str title=\"4 characters\">John</span>\"
  +\"<span class=sf-dump-public title=\"Runtime added dynamic property\">last_name</span>\": \"<span class=sf-dump-str title=\"6 characters\">Driver</span>\"
  +\"<span class=sf-dump-public title=\"Runtime added dynamic property\">email</span>\": \"<span class=sf-dump-str title=\"15 characters\">driver@test.com</span>\"
  +\"<span class=sf-dump-public title=\"Runtime added dynamic property\">alt_email</span>\": \"<span class=sf-dump-str title=\"24 characters\">john.driver@personal.com</span>\"
  +\"<span class=sf-dump-public title=\"Runtime added dynamic property\">mobile_number</span>\": \"<span class=sf-dump-str title=\"12 characters\">+31612345678</span>\"
  +\"<span class=sf-dump-public title=\"Runtime added dynamic property\">can_speak</span>\": \"<span class=sf-dump-str title=\"13 characters\">English,Dutch</span>\"
  +\"<span class=sf-dump-public title=\"Runtime added dynamic property\">country_code</span>\": \"<span class=sf-dump-str title=\"3 characters\">+31</span>\"
  +\"<span class=sf-dump-public title=\"Runtime added dynamic property\">base_city</span>\": \"<span class=sf-dump-str title=\"9 characters\">Amsterdam</span>\"
  +\"<span class=sf-dump-public title=\"Runtime added dynamic property\">time_zone</span>\": \"<span class=sf-dump-str title=\"16 characters\">Europe/Amsterdam</span>\"
  +\"<span class=sf-dump-public title=\"Runtime added dynamic property\">language</span>\": \"<span class=sf-dump-str title=\"2 characters\">en</span>\"
  +\"<span class=sf-dump-public title=\"Runtime added dynamic property\">profile_picture</span>\": <span class=sf-dump-const>null</span>
  +\"<span class=sf-dump-public title=\"Runtime added dynamic property\">email_verified_at</span>\": \"<span class=sf-dump-str title=\"19 characters\">2025-12-13 17:21:49</span>\"
  +\"<span class=sf-dump-public title=\"Runtime added dynamic property\">password</span>\": \"<span class=sf-dump-str title=\"60 characters\">$2y$12$KHww0GhyuotaK0BknuuviOqDS3ri.oyoOmyoRipFb4b14ehabU6Gi</span>\"
  +\"<span class=sf-dump-public title=\"Runtime added dynamic property\">user_type</span>\": \"<span class=sf-dump-str title=\"6 characters\">Driver</span>\"
  +\"<span class=sf-dump-public title=\"Runtime added dynamic property\">need_otp</span>\": \"<span class=sf-dump-str title=\"7 characters\">Enabled</span>\"
  +\"<span class=sf-dump-public title=\"Runtime added dynamic property\">remember_token</span>\": <span class=sf-dump-const>null</span>
  +\"<span class=sf-dump-public title=\"Runtime added dynamic property\">created_at</span>\": \"<span class=sf-dump-str title=\"19 characters\">2025-12-13 17:21:50</span>\"
  +\"<span class=sf-dump-public title=\"Runtime added dynamic property\">updated_at</span>\": \"<span class=sf-dump-str title=\"19 characters\">2025-12-13 17:21:50</span>\"
  +\"<span class=sf-dump-public title=\"Runtime added dynamic property\">favorites</span>\": <span class=sf-dump-const>null</span>
</samp>}
</pre><script>Sfdump(\"sf-dump-1155920709\", {\"maxDepth\":3,\"maxStringLength\":160})</script>
","personalInfo":"<pre class=sf-dump id=sf-dump-1951409798 data-indent-pad=\"  \"><span class=sf-dump-const>null</span>
</pre><script>Sfdump(\"sf-dump-1951409798\", {\"maxDepth\":3,\"maxStringLength\":160})</script>
","page_title":"<pre class=sf-dump id=sf-dump-635818945 data-indent-pad=\"  \">\"<span class=sf-dump-str title=\"16 characters\">Dispatcher Panel</span>\"
</pre><script>Sfdump(\"sf-dump-635818945\", {\"maxDepth\":3,\"maxStringLength\":160})</script>
","page_header":"<pre class=sf-dump id=sf-dump-352964259 data-indent-pad=\"  \">\"<span class=sf-dump-str title=\"10 characters\">My Profile</span>\"
</pre><script>Sfdump(\"sf-dump-352964259\", {\"maxDepth\":3,\"maxStringLength\":160})</script>
","main_menu":"<pre class=sf-dump id=sf-dump-1289686320 data-indent-pad=\"  \">\"<span class=sf-dump-str title=\"7 characters\">profile</span>\"
</pre><script>Sfdump(\"sf-dump-1289686320\", {\"maxDepth\":3,\"maxStringLength\":160})</script>
"}},"userId":1,"exception":"[object] (Spatie\\LaravelIgnition\\Exceptions\\ViewException(code: 0): syntax error, unexpected identifier \"icons\", expecting \")\" at D:\\Dream\\Laravel Deep Learning\\zyco\\resources\\views\\backend\\driver_menus.blade.php:248)
[stacktrace]
#0 D:\\Dream\\Laravel Deep Learning\\zyco\\vendor\\laravel\\framework\\src\\Illuminate\\Filesystem\\Filesystem.php(123): require('D:\\\\Dream\\\\Larave...')
#1 D:\\Dream\\Laravel Deep Learning\\zyco\\vendor\\laravel\\framework\\src\\Illuminate\\Filesystem\\Filesystem.php(124): Illuminate\\Filesystem\\Filesystem::Illuminate\\Filesystem\\{closure}()
#2 D:\\Dream\\Laravel Deep Learning\\zyco\\vendor\\laravel\\framework\\src\\Illuminate\\View\\Engines\\PhpEngine.php(58): Illuminate\\Filesystem\\Filesystem->getRequire('D:\\\\Dream\\\\Larave...', Array)
#3 D:\\Dream\\Laravel Deep Learning\\zyco\\vendor\\laravel\\framework\\src\\Illuminate\\View\\Engines\\CompilerEngine.php(72): Illuminate\\View\\Engines\\PhpEngine->evaluatePath('D:\\\\Dream\\\\Larave...', Array)
#4 D:\\Dream\\Laravel Deep Learning\\zyco\\vendor\\laravel\\framework\\src\\Illuminate\\View\\View.php(207): Illuminate\\View\\Engines\\CompilerEngine->get('D:\\\\Dream\\\\Larave...', Array)
#5 D:\\Dream\\Laravel Deep Learning\\zyco\\vendor\\laravel\\framework\\src\\Illuminate\\View\\View.php(190): Illuminate\\View\\View->getContents()
#6 D:\\Dream\\Laravel Deep Learning\\zyco\\vendor\\laravel\\framework\\src\\Illuminate\\View\\View.php(159): Illuminate\\View\\View->renderContents()
#7 D:\\Dream\\Laravel Deep Learning\\zyco\\resources\\views\\backend\\web_admin.blade.php(132): Illuminate\\View\\View->render()
#8 D:\\Dream\\Laravel Deep Learning\\zyco\\vendor\\laravel\\framework\\src\\Illuminate\\Filesystem\\Filesystem.php(123): require('D:\\\\Dream\\\\Larave...')
#9 D:\\Dream\\Laravel Deep Learning\\zyco\\vendor\\laravel\\framework\\src\\Illuminate\\Filesystem\\Filesystem.php(124): Illuminate\\Filesystem\\Filesystem::Illuminate\\Filesystem\\{closure}()
#10 D:\\Dream\\Laravel Deep Learning\\zyco\\vendor\\laravel\\framework\\src\\Illuminate\\View\\Engines\\PhpEngine.php(58): Illuminate\\Filesystem\\Filesystem->getRequire('D:\\\\Dream\\\\Larave...', Array)
#11 D:\\Dream\\Laravel Deep Learning\\zyco\\vendor\\laravel\\framework\\src\\Illuminate\\View\\Engines\\CompilerEngine.php(72): Illuminate\\View\\Engines\\PhpEngine->evaluatePath('D:\\\\Dream\\\\Larave...', Array)
#12 D:\\Dream\\Laravel Deep Learning\\zyco\\vendor\\laravel\\framework\\src\\Illuminate\\View\\View.php(207): Illuminate\\View\\Engines\\CompilerEngine->get('D:\\\\Dream\\\\Larave...', Array)
#13 D:\\Dream\\Laravel Deep Learning\\zyco\\vendor\\laravel\\framework\\src\\Illuminate\\View\\View.php(190): Illuminate\\View\\View->getContents()
#14 D:\\Dream\\Laravel Deep Learning\\zyco\\vendor\\laravel\\framework\\src\\Illuminate\\View\\View.php(159): Illuminate\\View\\View->renderContents()
#15 D:\\Dream\\Laravel Deep Learning\\zyco\\resources\\views\\backend\\common\\my_profile2.blade.php(70): Illuminate\\View\\View->render()
#16 D:\\Dream\\Laravel Deep Learning\\zyco\\vendor\\laravel\\framework\\src\\Illuminate\\Filesystem\\Filesystem.php(123): require('D:\\\\Dream\\\\Larave...')
#17 D:\\Dream\\Laravel Deep Learning\\zyco\\vendor\\laravel\\framework\\src\\Illuminate\\Filesystem\\Filesystem.php(124): Illuminate\\Filesystem\\Filesystem::Illuminate\\Filesystem\\{closure}()
#18 D:\\Dream\\Laravel Deep Learning\\zyco\\vendor\\laravel\\framework\\src\\Illuminate\\View\\Engines\\PhpEngine.php(58): Illuminate\\Filesystem\\Filesystem->getRequire('D:\\\\Dream\\\\Larave...', Array)
#19 D:\\Dream\\Laravel Deep Learning\\zyco\\vendor\\laravel\\framework\\src\\Illuminate\\View\\Engines\\CompilerEngine.php(72): Illuminate\\View\\Engines\\PhpEngine->evaluatePath('D:\\\\Dream\\\\Larave...', Array)
#20 D:\\Dream\\Laravel Deep Learning\\zyco\\vendor\\laravel\\framework\\src\\Illuminate\\View\\View.php(207): Illuminate\\View\\Engines\\CompilerEngine->get('D:\\\\Dream\\\\Larave...', Array)
#21 D:\\Dream\\Laravel Deep Learning\\zyco\\vendor\\laravel\\framework\\src\\Illuminate\\View\\View.php(190): Illuminate\\View\\View->getContents()
#22 D:\\Dream\\Laravel Deep Learning\\zyco\\vendor\\laravel\\framework\\src\\Illuminate\\View\\View.php(159): Illuminate\\View\\View->renderContents()
#23 D:\\Dream\\Laravel Deep Learning\\zyco\\vendor\\laravel\\framework\\src\\Illuminate\\Http\\Response.php(69): Illuminate\\View\\View->render()
#24 D:\\Dream\\Laravel Deep Learning\\zyco\\vendor\\laravel\\framework\\src\\Illuminate\\Http\\Response.php(35): Illuminate\\Http\\Response->setContent(Object(Illuminate\\View\\View))
#25 D:\\Dream\\Laravel Deep Learning\\zyco\\vendor\\laravel\\framework\\src\\Illuminate\\Routing\\Router.php(918): Illuminate\\Http\\Response->__construct(Object(Illuminate\\View\\View), 200, Array)
#26 D:\\Dream\\Laravel Deep Learning\\zyco\\vendor\\laravel\\framework\\src\\Illuminate\\Routing\\Router.php(885): Illuminate\\Routing\\Router::toResponse(Object(Illuminate\\Http\\Request), Object(Illuminate\\View\\View))
#27 D:\\Dream\\Laravel Deep Learning\\zyco\\vendor\\laravel\\framework\\src\\Illuminate\\Routing\\Router.php(805): Illuminate\\Routing\\Router->prepareResponse(Object(Illuminate\\Http\\Request), Object(Illuminate\\View\\View))
#28 D:\\Dream\\Laravel Deep Learning\\zyco\\vendor\\laravel\\framework\\src\\Illuminate\\Pipeline\\Pipeline.php(144): Illuminate\\Routing\\Router->Illuminate\\Routing\\{closure}(Object(Illuminate\\Http\\Request))
#29 D:\\Dream\\Laravel Deep Learning\\zyco\\app\\Http\\Middleware\\Driver.php(23): Illuminate\\Pipeline\\Pipeline->Illuminate\\Pipeline\\{closure}(Object(Illuminate\\Http\\Request))
#30 D:\\Dream\\Laravel Deep Learning\\zyco\\vendor\\laravel\\framework\\src\\Illuminate\\Pipeline\\Pipeline.php(183): App\\Http\\Middleware\\Driver->handle(Object(Illuminate\\Http\\Request), Object(Closure))
#31 D:\\Dream\\Laravel Deep Learning\\zyco\\vendor\\laravel\\framework\\src\\Illuminate\\Routing\\Middleware\\SubstituteBindings.php(50): Illuminate\\Pipeline\\Pipeline->Illuminate\\Pipeline\\{closure}(Object(Illuminate\\Http\\Request))
#32 D:\\Dream\\Laravel Deep Learning\\zyco\\vendor\\laravel\\framework\\src\\Illuminate\\Pipeline\\Pipeline.php(183): Illuminate\\Routing\\Middleware\\SubstituteBindings->handle(Object(Illuminate\\Http\\Request), Object(Closure))
#33 D:\\Dream\\Laravel Deep Learning\\zyco\\vendor\\laravel\\framework\\src\\Illuminate\\Foundation\\Http\\Middleware\\VerifyCsrfToken.php(78): Illuminate\\Pipeline\\Pipeline->Illuminate\\Pipeline\\{closure}(Object(Illuminate\\Http\\Request))
#34 D:\\Dream\\Laravel Deep Learning\\zyco\\vendor\\laravel\\framework\\src\\Illuminate\\Pipeline\\Pipeline.php(183): Illuminate\\Foundation\\Http\\Middleware\\VerifyCsrfToken->handle(Object(Illuminate\\Http\\Request), Object(Closure))
#35 D:\\Dream\\Laravel Deep Learning\\zyco\\vendor\\laravel\\framework\\src\\Illuminate\\View\\Middleware\\ShareErrorsFromSession.php(49): Illuminate\\Pipeline\\Pipeline->Illuminate\\Pipeline\\{closure}(Object(Illuminate\\Http\\Request))
#36 D:\\Dream\\Laravel Deep Learning\\zyco\\vendor\\laravel\\framework\\src\\Illuminate\\Pipeline\\Pipeline.php(183): Illuminate\\View\\Middleware\\ShareErrorsFromSession->handle(Object(Illuminate\\Http\\Request), Object(Closure))
#37 D:\\Dream\\Laravel Deep Learning\\zyco\\vendor\\laravel\\framework\\src\\Illuminate\\Session\\Middleware\\StartSession.php(121): Illuminate\\Pipeline\\Pipeline->Illuminate\\Pipeline\\{closure}(Object(Illuminate\\Http\\Request))
#38 D:\\Dream\\Laravel Deep Learning\\zyco\\vendor\\laravel\\framework\\src\\Illuminate\\Session\\Middleware\\StartSession.php(64): Illuminate\\Session\\Middleware\\StartSession->handleStatefulRequest(Object(Illuminate\\Http\\Request), Object(Illuminate\\Session\\Store), Object(Closure))
#39 D:\\Dream\\Laravel Deep Learning\\zyco\\vendor\\laravel\\framework\\src\\Illuminate\\Pipeline\\Pipeline.php(183): Illuminate\\Session\\Middleware\\StartSession->handle(Object(Illuminate\\Http\\Request), Object(Closure))
#40 D:\\Dream\\Laravel Deep Learning\\zyco\\vendor\\laravel\\framework\\src\\Illuminate\\Cookie\\Middleware\\AddQueuedCookiesToResponse.php(37): Illuminate\\Pipeline\\Pipeline->Illuminate\\Pipeline\\{closure}(Object(Illuminate\\Http\\Request))
#41 D:\\Dream\\Laravel Deep Learning\\zyco\\vendor\\laravel\\framework\\src\\Illuminate\\Pipeline\\Pipeline.php(183): Illuminate\\Cookie\\Middleware\\AddQueuedCookiesToResponse->handle(Object(Illuminate\\Http\\Request), Object(Closure))
#42 D:\\Dream\\Laravel Deep Learning\\zyco\\vendor\\laravel\\framework\\src\\Illuminate\\Cookie\\Middleware\\EncryptCookies.php(67): Illuminate\\Pipeline\\Pipeline->Illuminate\\Pipeline\\{closure}(Object(Illuminate\\Http\\Request))
#43 D:\\Dream\\Laravel Deep Learning\\zyco\\vendor\\laravel\\framework\\src\\Illuminate\\Pipeline\\Pipeline.php(183): Illuminate\\Cookie\\Middleware\\EncryptCookies->handle(Object(Illuminate\\Http\\Request), Object(Closure))
#44 D:\\Dream\\Laravel Deep Learning\\zyco\\vendor\\laravel\\framework\\src\\Illuminate\\Pipeline\\Pipeline.php(119): Illuminate\\Pipeline\\Pipeline->Illuminate\\Pipeline\\{closure}(Object(Illuminate\\Http\\Request))
#45 D:\\Dream\\Laravel Deep Learning\\zyco\\vendor\\laravel\\framework\\src\\Illuminate\\Routing\\Router.php(805): Illuminate\\Pipeline\\Pipeline->then(Object(Closure))
#46 D:\\Dream\\Laravel Deep Learning\\zyco\\vendor\\laravel\\framework\\src\\Illuminate\\Routing\\Router.php(784): Illuminate\\Routing\\Router->runRouteWithinStack(Object(Illuminate\\Routing\\Route), Object(Illuminate\\Http\\Request))
#47 D:\\Dream\\Laravel Deep Learning\\zyco\\vendor\\laravel\\framework\\src\\Illuminate\\Routing\\Router.php(748): Illuminate\\Routing\\Router->runRoute(Object(Illuminate\\Http\\Request), Object(Illuminate\\Routing\\Route))
#48 D:\\Dream\\Laravel Deep Learning\\zyco\\vendor\\laravel\\framework\\src\\Illuminate\\Routing\\Router.php(737): Illuminate\\Routing\\Router->dispatchToRoute(Object(Illuminate\\Http\\Request))
#49 D:\\Dream\\Laravel Deep Learning\\zyco\\vendor\\laravel\\framework\\src\\Illuminate\\Foundation\\Http\\Kernel.php(200): Illuminate\\Routing\\Router->dispatch(Object(Illuminate\\Http\\Request))
#50 D:\\Dream\\Laravel Deep Learning\\zyco\\vendor\\laravel\\framework\\src\\Illuminate\\Pipeline\\Pipeline.php(144): Illuminate\\Foundation\\Http\\Kernel->Illuminate\\Foundation\\Http\\{closure}(Object(Illuminate\\Http\\Request))
#51 D:\\Dream\\Laravel Deep Learning\\zyco\\vendor\\laravel\\framework\\src\\Illuminate\\Foundation\\Http\\Middleware\\TransformsRequest.php(21): Illuminate\\Pipeline\\Pipeline->Illuminate\\Pipeline\\{closure}(Object(Illuminate\\Http\\Request))
#52 D:\\Dream\\Laravel Deep Learning\\zyco\\vendor\\laravel\\framework\\src\\Illuminate\\Foundation\\Http\\Middleware\\ConvertEmptyStringsToNull.php(31): Illuminate\\Foundation\\Http\\Middleware\\TransformsRequest->handle(Object(Illuminate\\Http\\Request), Object(Closure))
#53 D:\\Dream\\Laravel Deep Learning\\zyco\\vendor\\laravel\\framework\\src\\Illuminate\\Pipeline\\Pipeline.php(183): Illuminate\\Foundation\\Http\\Middleware\\ConvertEmptyStringsToNull->handle(Object(Illuminate\\Http\\Request), Object(Closure))
#54 D:\\Dream\\Laravel Deep Learning\\zyco\\vendor\\laravel\\framework\\src\\Illuminate\\Foundation\\Http\\Middleware\\TransformsRequest.php(21): Illuminate\\Pipeline\\Pipeline->Illuminate\\Pipeline\\{closure}(Object(Illuminate\\Http\\Request))
#55 D:\\Dream\\Laravel Deep Learning\\zyco\\vendor\\laravel\\framework\\src\\Illuminate\\Foundation\\Http\\Middleware\\TrimStrings.php(40): Illuminate\\Foundation\\Http\\Middleware\\TransformsRequest->handle(Object(Illuminate\\Http\\Request), Object(Closure))
#56 D:\\Dream\\Laravel Deep Learning\\zyco\\vendor\\laravel\\framework\\src\\Illuminate\\Pipeline\\Pipeline.php(183): Illuminate\\Foundation\\Http\\Middleware\\TrimStrings->handle(Object(Illuminate\\Http\\Request), Object(Closure))
#57 D:\\Dream\\Laravel Deep Learning\\zyco\\vendor\\laravel\\framework\\src\\Illuminate\\Foundation\\Http\\Middleware\\ValidatePostSize.php(27): Illuminate\\Pipeline\\Pipeline->Illuminate\\Pipeline\\{closure}(Object(Illuminate\\Http\\Request))
#58 D:\\Dream\\Laravel Deep Learning\\zyco\\vendor\\laravel\\framework\\src\\Illuminate\\Pipeline\\Pipeline.php(183): Illuminate\\Foundation\\Http\\Middleware\\ValidatePostSize->handle(Object(Illuminate\\Http\\Request), Object(Closure))
#59 D:\\Dream\\Laravel Deep Learning\\zyco\\vendor\\laravel\\framework\\src\\Illuminate\\Foundation\\Http\\Middleware\\PreventRequestsDuringMaintenance.php(99): Illuminate\\Pipeline\\Pipeline->Illuminate\\Pipeline\\{closure}(Object(Illuminate\\Http\\Request))
#60 D:\\Dream\\Laravel Deep Learning\\zyco\\vendor\\laravel\\framework\\src\\Illuminate\\Pipeline\\Pipeline.php(183): Illuminate\\Foundation\\Http\\Middleware\\PreventRequestsDuringMaintenance->handle(Object(Illuminate\\Http\\Request), Object(Closure))
#61 D:\\Dream\\Laravel Deep Learning\\zyco\\vendor\\laravel\\framework\\src\\Illuminate\\Http\\Middleware\\HandleCors.php(49): Illuminate\\Pipeline\\Pipeline->Illuminate\\Pipeline\\{closure}(Object(Illuminate\\Http\\Request))
#62 D:\\Dream\\Laravel Deep Learning\\zyco\\vendor\\laravel\\framework\\src\\Illuminate\\Pipeline\\Pipeline.php(183): Illuminate\\Http\\Middleware\\HandleCors->handle(Object(Illuminate\\Http\\Request), Object(Closure))
#63 D:\\Dream\\Laravel Deep Learning\\zyco\\vendor\\laravel\\framework\\src\\Illuminate\\Http\\Middleware\\TrustProxies.php(39): Illuminate\\Pipeline\\Pipeline->Illuminate\\Pipeline\\{closure}(Object(Illuminate\\Http\\Request))
#64 D:\\Dream\\Laravel Deep Learning\\zyco\\vendor\\laravel\\framework\\src\\Illuminate\\Pipeline\\Pipeline.php(183): Illuminate\\Http\\Middleware\\TrustProxies->handle(Object(Illuminate\\Http\\Request), Object(Closure))
#65 D:\\Dream\\Laravel Deep Learning\\zyco\\vendor\\laravel\\framework\\src\\Illuminate\\Pipeline\\Pipeline.php(119): Illuminate\\Pipeline\\Pipeline->Illuminate\\Pipeline\\{closure}(Object(Illuminate\\Http\\Request))
#66 D:\\Dream\\Laravel Deep Learning\\zyco\\vendor\\laravel\\framework\\src\\Illuminate\\Foundation\\Http\\Kernel.php(175): Illuminate\\Pipeline\\Pipeline->then(Object(Closure))
#67 D:\\Dream\\Laravel Deep Learning\\zyco\\vendor\\laravel\\framework\\src\\Illuminate\\Foundation\\Http\\Kernel.php(144): Illuminate\\Foundation\\Http\\Kernel->sendRequestThroughRouter(Object(Illuminate\\Http\\Request))
#68 D:\\Dream\\Laravel Deep Learning\\zyco\\public\\index.php(51): Illuminate\\Foundation\\Http\\Kernel->handle(Object(Illuminate\\Http\\Request))
#69 D:\\Dream\\Laravel Deep Learning\\zyco\\vendor\\laravel\\framework\\src\\Illuminate\\Foundation\\resources\\server.php(16): require_once('D:\\\\Dream\\\\Larave...')
#70 {main}

[previous exception] [object] (ParseError(code: 0): syntax error, unexpected identifier \"icons\", expecting \")\" at D:\\Dream\\Laravel Deep Learning\\zyco\\storage\\framework\\views\\ca71a9e1b81bcf3f764a57ab39dbb01d.php:249)
[stacktrace]
#0 D:\\Dream\\Laravel Deep Learning\\zyco\\vendor\\laravel\\framework\\src\\Illuminate\\Filesystem\\Filesystem.php(124): Illuminate\\Filesystem\\Filesystem::Illuminate\\Filesystem\\{closure}()
#1 D:\\Dream\\Laravel Deep Learning\\zyco\\vendor\\laravel\\framework\\src\\Illuminate\\View\\Engines\\PhpEngine.php(58): Illuminate\\Filesystem\\Filesystem->getRequire('D:\\\\Dream\\\\Larave...', Array)
#2 D:\\Dream\\Laravel Deep Learning\\zyco\\vendor\\laravel\\framework\\src\\Illuminate\\View\\Engines\\CompilerEngine.php(72): Illuminate\\View\\Engines\\PhpEngine->evaluatePath('D:\\\\Dream\\\\Larave...', Array)
#3 D:\\Dream\\Laravel Deep Learning\\zyco\\vendor\\laravel\\framework\\src\\Illuminate\\View\\View.php(207): Illuminate\\View\\Engines\\CompilerEngine->get('D:\\\\Dream\\\\Larave...', Array)
#4 D:\\Dream\\Laravel Deep Learning\\zyco\\vendor\\laravel\\framework\\src\\Illuminate\\View\\View.php(190): Illuminate\\View\\View->getContents()
#5 D:\\Dream\\Laravel Deep Learning\\zyco\\vendor\\laravel\\framework\\src\\Illuminate\\View\\View.php(159): Illuminate\\View\\View->renderContents()
#6 D:\\Dream\\Laravel Deep Learning\\zyco\\storage\\framework\\views\\baca839759f32b9bdaed8a9a43f4c07a.php(83): Illuminate\\View\\View->render()
#7 D:\\Dream\\Laravel Deep Learning\\zyco\\vendor\\laravel\\framework\\src\\Illuminate\\Filesystem\\Filesystem.php(123): require('D:\\\\Dream\\\\Larave...')
#8 D:\\Dream\\Laravel Deep Learning\\zyco\\vendor\\laravel\\framework\\src\\Illuminate\\Filesystem\\Filesystem.php(124): Illuminate\\Filesystem\\Filesystem::Illuminate\\Filesystem\\{closure}()
#9 D:\\Dream\\Laravel Deep Learning\\zyco\\vendor\\laravel\\framework\\src\\Illuminate\\View\\Engines\\PhpEngine.php(58): Illuminate\\Filesystem\\Filesystem->getRequire('D:\\\\Dream\\\\Larave...', Array)
#10 D:\\Dream\\Laravel Deep Learning\\zyco\\vendor\\laravel\\framework\\src\\Illuminate\\View\\Engines\\CompilerEngine.php(72): Illuminate\\View\\Engines\\PhpEngine->evaluatePath('D:\\\\Dream\\\\Larave...', Array)
#11 D:\\Dream\\Laravel Deep Learning\\zyco\\vendor\\laravel\\framework\\src\\Illuminate\\View\\View.php(207): Illuminate\\View\\Engines\\CompilerEngine->get('D:\\\\Dream\\\\Larave...', Array)
#12 D:\\Dream\\Laravel Deep Learning\\zyco\\vendor\\laravel\\framework\\src\\Illuminate\\View\\View.php(190): Illuminate\\View\\View->getContents()
#13 D:\\Dream\\Laravel Deep Learning\\zyco\\vendor\\laravel\\framework\\src\\Illuminate\\View\\View.php(159): Illuminate\\View\\View->renderContents()
#14 D:\\Dream\\Laravel Deep Learning\\zyco\\storage\\framework\\views\\db6d0133fc5d7dc660a60182a4eee833.php(132): Illuminate\\View\\View->render()
#15 D:\\Dream\\Laravel Deep Learning\\zyco\\vendor\\laravel\\framework\\src\\Illuminate\\Filesystem\\Filesystem.php(123): require('D:\\\\Dream\\\\Larave...')
#16 D:\\Dream\\Laravel Deep Learning\\zyco\\vendor\\laravel\\framework\\src\\Illuminate\\Filesystem\\Filesystem.php(124): Illuminate\\Filesystem\\Filesystem::Illuminate\\Filesystem\\{closure}()
#17 D:\\Dream\\Laravel Deep Learning\\zyco\\vendor\\laravel\\framework\\src\\Illuminate\\View\\Engines\\PhpEngine.php(58): Illuminate\\Filesystem\\Filesystem->getRequire('D:\\\\Dream\\\\Larave...', Array)
#18 D:\\Dream\\Laravel Deep Learning\\zyco\\vendor\\laravel\\framework\\src\\Illuminate\\View\\Engines\\CompilerEngine.php(72): Illuminate\\View\\Engines\\PhpEngine->evaluatePath('D:\\\\Dream\\\\Larave...', Array)
#19 D:\\Dream\\Laravel Deep Learning\\zyco\\vendor\\laravel\\framework\\src\\Illuminate\\View\\View.php(207): Illuminate\\View\\Engines\\CompilerEngine->get('D:\\\\Dream\\\\Larave...', Array)
#20 D:\\Dream\\Laravel Deep Learning\\zyco\\vendor\\laravel\\framework\\src\\Illuminate\\View\\View.php(190): Illuminate\\View\\View->getContents()
#21 D:\\Dream\\Laravel Deep Learning\\zyco\\vendor\\laravel\\framework\\src\\Illuminate\\View\\View.php(159): Illuminate\\View\\View->renderContents()
#22 D:\\Dream\\Laravel Deep Learning\\zyco\\storage\\framework\\views\\c2b726161654de340c7ce0474d1e5ad1.php(72): Illuminate\\View\\View->render()
#23 D:\\Dream\\Laravel Deep Learning\\zyco\\vendor\\laravel\\framework\\src\\Illuminate\\Filesystem\\Filesystem.php(123): require('D:\\\\Dream\\\\Larave...')
#24 D:\\Dream\\Laravel Deep Learning\\zyco\\vendor\\laravel\\framework\\src\\Illuminate\\Filesystem\\Filesystem.php(124): Illuminate\\Filesystem\\Filesystem::Illuminate\\Filesystem\\{closure}()
#25 D:\\Dream\\Laravel Deep Learning\\zyco\\vendor\\laravel\\framework\\src\\Illuminate\\View\\Engines\\PhpEngine.php(58): Illuminate\\Filesystem\\Filesystem->getRequire('D:\\\\Dream\\\\Larave...', Array)
#26 D:\\Dream\\Laravel Deep Learning\\zyco\\vendor\\laravel\\framework\\src\\Illuminate\\View\\Engines\\CompilerEngine.php(72): Illuminate\\View\\Engines\\PhpEngine->evaluatePath('D:\\\\Dream\\\\Larave...', Array)
#27 D:\\Dream\\Laravel Deep Learning\\zyco\\vendor\\laravel\\framework\\src\\Illuminate\\View\\View.php(207): Illuminate\\View\\Engines\\CompilerEngine->get('D:\\\\Dream\\\\Larave...', Array)
#28 D:\\Dream\\Laravel Deep Learning\\zyco\\vendor\\laravel\\framework\\src\\Illuminate\\View\\View.php(190): Illuminate\\View\\View->getContents()
#29 D:\\Dream\\Laravel Deep Learning\\zyco\\vendor\\laravel\\framework\\src\\Illuminate\\View\\View.php(159): Illuminate\\View\\View->renderContents()
#30 D:\\Dream\\Laravel Deep Learning\\zyco\\vendor\\laravel\\framework\\src\\Illuminate\\Http\\Response.php(69): Illuminate\\View\\View->render()
#31 D:\\Dream\\Laravel Deep Learning\\zyco\\vendor\\laravel\\framework\\src\\Illuminate\\Http\\Response.php(35): Illuminate\\Http\\Response->setContent(Object(Illuminate\\View\\View))
#32 D:\\Dream\\Laravel Deep Learning\\zyco\\vendor\\laravel\\framework\\src\\Illuminate\\Routing\\Router.php(918): Illuminate\\Http\\Response->__construct(Object(Illuminate\\View\\View), 200, Array)
#33 D:\\Dream\\Laravel Deep Learning\\zyco\\vendor\\laravel\\framework\\src\\Illuminate\\Routing\\Router.php(885): Illuminate\\Routing\\Router::toResponse(Object(Illuminate\\Http\\Request), Object(Illuminate\\View\\View))
#34 D:\\Dream\\Laravel Deep Learning\\zyco\\vendor\\laravel\\framework\\src\\Illuminate\\Routing\\Router.php(805): Illuminate\\Routing\\Router->prepareResponse(Object(Illuminate\\Http\\Request), Object(Illuminate\\View\\View))
#35 D:\\Dream\\Laravel Deep Learning\\zyco\\vendor\\laravel\\framework\\src\\Illuminate\\Pipeline\\Pipeline.php(144): Illuminate\\Routing\\Router->Illuminate\\Routing\\{closure}(Object(Illuminate\\Http\\Request))
#36 D:\\Dream\\Laravel Deep Learning\\zyco\\app\\Http\\Middleware\\Driver.php(23): Illuminate\\Pipeline\\Pipeline->Illuminate\\Pipeline\\{closure}(Object(Illuminate\\Http\\Request))
#37 D:\\Dream\\Laravel Deep Learning\\zyco\\vendor\\laravel\\framework\\src\\Illuminate\\Pipeline\\Pipeline.php(183): App\\Http\\Middleware\\Driver->handle(Object(Illuminate\\Http\\Request), Object(Closure))
#38 D:\\Dream\\Laravel Deep Learning\\zyco\\vendor\\laravel\\framework\\src\\Illuminate\\Routing\\Middleware\\SubstituteBindings.php(50): Illuminate\\Pipeline\\Pipeline->Illuminate\\Pipeline\\{closure}(Object(Illuminate\\Http\\Request))
#39 D:\\Dream\\Laravel Deep Learning\\zyco\\vendor\\laravel\\framework\\src\\Illuminate\\Pipeline\\Pipeline.php(183): Illuminate\\Routing\\Middleware\\SubstituteBindings->handle(Object(Illuminate\\Http\\Request), Object(Closure))
#40 D:\\Dream\\Laravel Deep Learning\\zyco\\vendor\\laravel\\framework\\src\\Illuminate\\Foundation\\Http\\Middleware\\VerifyCsrfToken.php(78): Illuminate\\Pipeline\\Pipeline->Illuminate\\Pipeline\\{closure}(Object(Illuminate\\Http\\Request))
#41 D:\\Dream\\Laravel Deep Learning\\zyco\\vendor\\laravel\\framework\\src\\Illuminate\\Pipeline\\Pipeline.php(183): Illuminate\\Foundation\\Http\\Middleware\\VerifyCsrfToken->handle(Object(Illuminate\\Http\\Request), Object(Closure))
#42 D:\\Dream\\Laravel Deep Learning\\zyco\\vendor\\laravel\\framework\\src\\Illuminate\\View\\Middleware\\ShareErrorsFromSession.php(49): Illuminate\\Pipeline\\Pipeline->Illuminate\\Pipeline\\{closure}(Object(Illuminate\\Http\\Request))
#43 D:\\Dream\\Laravel Deep Learning\\zyco\\vendor\\laravel\\framework\\src\\Illuminate\\Pipeline\\Pipeline.php(183): Illuminate\\View\\Middleware\\ShareErrorsFromSession->handle(Object(Illuminate\\Http\\Request), Object(Closure))
#44 D:\\Dream\\Laravel Deep Learning\\zyco\\vendor\\laravel\\framework\\src\\Illuminate\\Session\\Middleware\\StartSession.php(121): Illuminate\\Pipeline\\Pipeline->Illuminate\\Pipeline\\{closure}(Object(Illuminate\\Http\\Request))
#45 D:\\Dream\\Laravel Deep Learning\\zyco\\vendor\\laravel\\framework\\src\\Illuminate\\Session\\Middleware\\StartSession.php(64): Illuminate\\Session\\Middleware\\StartSession->handleStatefulRequest(Object(Illuminate\\Http\\Request), Object(Illuminate\\Session\\Store), Object(Closure))
#46 D:\\Dream\\Laravel Deep Learning\\zyco\\vendor\\laravel\\framework\\src\\Illuminate\\Pipeline\\Pipeline.php(183): Illuminate\\Session\\Middleware\\StartSession->handle(Object(Illuminate\\Http\\Request), Object(Closure))
#47 D:\\Dream\\Laravel Deep Learning\\zyco\\vendor\\laravel\\framework\\src\\Illuminate\\Cookie\\Middleware\\AddQueuedCookiesToResponse.php(37): Illuminate\\Pipeline\\Pipeline->Illuminate\\Pipeline\\{closure}(Object(Illuminate\\Http\\Request))
#48 D:\\Dream\\Laravel Deep Learning\\zyco\\vendor\\laravel\\framework\\src\\Illuminate\\Pipeline\\Pipeline.php(183): Illuminate\\Cookie\\Middleware\\AddQueuedCookiesToResponse->handle(Object(Illuminate\\Http\\Request), Object(Closure))
#49 D:\\Dream\\Laravel Deep Learning\\zyco\\vendor\\laravel\\framework\\src\\Illuminate\\Cookie\\Middleware\\EncryptCookies.php(67): Illuminate\\Pipeline\\Pipeline->Illuminate\\Pipeline\\{closure}(Object(Illuminate\\Http\\Request))
#50 D:\\Dream\\Laravel Deep Learning\\zyco\\vendor\\laravel\\framework\\src\\Illuminate\\Pipeline\\Pipeline.php(183): Illuminate\\Cookie\\Middleware\\EncryptCookies->handle(Object(Illuminate\\Http\\Request), Object(Closure))
#51 D:\\Dream\\Laravel Deep Learning\\zyco\\vendor\\laravel\\framework\\src\\Illuminate\\Pipeline\\Pipeline.php(119): Illuminate\\Pipeline\\Pipeline->Illuminate\\Pipeline\\{closure}(Object(Illuminate\\Http\\Request))
#52 D:\\Dream\\Laravel Deep Learning\\zyco\\vendor\\laravel\\framework\\src\\Illuminate\\Routing\\Router.php(805): Illuminate\\Pipeline\\Pipeline->then(Object(Closure))
#53 D:\\Dream\\Laravel Deep Learning\\zyco\\vendor\\laravel\\framework\\src\\Illuminate\\Routing\\Router.php(784): Illuminate\\Routing\\Router->runRouteWithinStack(Object(Illuminate\\Routing\\Route), Object(Illuminate\\Http\\Request))
#54 D:\\Dream\\Laravel Deep Learning\\zyco\\vendor\\laravel\\framework\\src\\Illuminate\\Routing\\Router.php(748): Illuminate\\Routing\\Router->runRoute(Object(Illuminate\\Http\\Request), Object(Illuminate\\Routing\\Route))
#55 D:\\Dream\\Laravel Deep Learning\\zyco\\vendor\\laravel\\framework\\src\\Illuminate\\Routing\\Router.php(737): Illuminate\\Routing\\Router->dispatchToRoute(Object(Illuminate\\Http\\Request))
#56 D:\\Dream\\Laravel Deep Learning\\zyco\\vendor\\laravel\\framework\\src\\Illuminate\\Foundation\\Http\\Kernel.php(200): Illuminate\\Routing\\Router->dispatch(Object(Illuminate\\Http\\Request))
#57 D:\\Dream\\Laravel Deep Learning\\zyco\\vendor\\laravel\\framework\\src\\Illuminate\\Pipeline\\Pipeline.php(144): Illuminate\\Foundation\\Http\\Kernel->Illuminate\\Foundation\\Http\\{closure}(Object(Illuminate\\Http\\Request))
#58 D:\\Dream\\Laravel Deep Learning\\zyco\\vendor\\laravel\\framework\\src\\Illuminate\\Foundation\\Http\\Middleware\\TransformsRequest.php(21): Illuminate\\Pipeline\\Pipeline->Illuminate\\Pipeline\\{closure}(Object(Illuminate\\Http\\Request))
#59 D:\\Dream\\Laravel Deep Learning\\zyco\\vendor\\laravel\\framework\\src\\Illuminate\\Foundation\\Http\\Middleware\\ConvertEmptyStringsToNull.php(31): Illuminate\\Foundation\\Http\\Middleware\\TransformsRequest->handle(Object(Illuminate\\Http\\Request), Object(Closure))
#60 D:\\Dream\\Laravel Deep Learning\\zyco\\vendor\\laravel\\framework\\src\\Illuminate\\Pipeline\\Pipeline.php(183): Illuminate\\Foundation\\Http\\Middleware\\ConvertEmptyStringsToNull->handle(Object(Illuminate\\Http\\Request), Object(Closure))
#61 D:\\Dream\\Laravel Deep Learning\\zyco\\vendor\\laravel\\framework\\src\\Illuminate\\Foundation\\Http\\Middleware\\TransformsRequest.php(21): Illuminate\\Pipeline\\Pipeline->Illuminate\\Pipeline\\{closure}(Object(Illuminate\\Http\\Request))
#62 D:\\Dream\\Laravel Deep Learning\\zyco\\vendor\\laravel\\framework\\src\\Illuminate\\Foundation\\Http\\Middleware\\TrimStrings.php(40): Illuminate\\Foundation\\Http\\Middleware\\TransformsRequest->handle(Object(Illuminate\\Http\\Request), Object(Closure))
#63 D:\\Dream\\Laravel Deep Learning\\zyco\\vendor\\laravel\\framework\\src\\Illuminate\\Pipeline\\Pipeline.php(183): Illuminate\\Foundation\\Http\\Middleware\\TrimStrings->handle(Object(Illuminate\\Http\\Request), Object(Closure))
#64 D:\\Dream\\Laravel Deep Learning\\zyco\\vendor\\laravel\\framework\\src\\Illuminate\\Foundation\\Http\\Middleware\\ValidatePostSize.php(27): Illuminate\\Pipeline\\Pipeline->Illuminate\\Pipeline\\{closure}(Object(Illuminate\\Http\\Request))
#65 D:\\Dream\\Laravel Deep Learning\\zyco\\vendor\\laravel\\framework\\src\\Illuminate\\Pipeline\\Pipeline.php(183): Illuminate\\Foundation\\Http\\Middleware\\ValidatePostSize->handle(Object(Illuminate\\Http\\Request), Object(Closure))
#66 D:\\Dream\\Laravel Deep Learning\\zyco\\vendor\\laravel\\framework\\src\\Illuminate\\Foundation\\Http\\Middleware\\PreventRequestsDuringMaintenance.php(99): Illuminate\\Pipeline\\Pipeline->Illuminate\\Pipeline\\{closure}(Object(Illuminate\\Http\\Request))
#67 D:\\Dream\\Laravel Deep Learning\\zyco\\vendor\\laravel\\framework\\src\\Illuminate\\Pipeline\\Pipeline.php(183): Illuminate\\Foundation\\Http\\Middleware\\PreventRequestsDuringMaintenance->handle(Object(Illuminate\\Http\\Request), Object(Closure))
#68 D:\\Dream\\Laravel Deep Learning\\zyco\\vendor\\laravel\\framework\\src\\Illuminate\\Http\\Middleware\\HandleCors.php(49): Illuminate\\Pipeline\\Pipeline->Illuminate\\Pipeline\\{closure}(Object(Illuminate\\Http\\Request))
#69 D:\\Dream\\Laravel Deep Learning\\zyco\\vendor\\laravel\\framework\\src\\Illuminate\\Pipeline\\Pipeline.php(183): Illuminate\\Http\\Middleware\\HandleCors->handle(Object(Illuminate\\Http\\Request), Object(Closure))
#70 D:\\Dream\\Laravel Deep Learning\\zyco\\vendor\\laravel\\framework\\src\\Illuminate\\Http\\Middleware\\TrustProxies.php(39): Illuminate\\Pipeline\\Pipeline->Illuminate\\Pipeline\\{closure}(Object(Illuminate\\Http\\Request))
#71 D:\\Dream\\Laravel Deep Learning\\zyco\\vendor\\laravel\\framework\\src\\Illuminate\\Pipeline\\Pipeline.php(183): Illuminate\\Http\\Middleware\\TrustProxies->handle(Object(Illuminate\\Http\\Request), Object(Closure))
#72 D:\\Dream\\Laravel Deep Learning\\zyco\\vendor\\laravel\\framework\\src\\Illuminate\\Pipeline\\Pipeline.php(119): Illuminate\\Pipeline\\Pipeline->Illuminate\\Pipeline\\{closure}(Object(Illuminate\\Http\\Request))
#73 D:\\Dream\\Laravel Deep Learning\\zyco\\vendor\\laravel\\framework\\src\\Illuminate\\Foundation\\Http\\Kernel.php(175): Illuminate\\Pipeline\\Pipeline->then(Object(Closure))
#74 D:\\Dream\\Laravel Deep Learning\\zyco\\vendor\\laravel\\framework\\src\\Illuminate\\Foundation\\Http\\Kernel.php(144): Illuminate\\Foundation\\Http\\Kernel->sendRequestThroughRouter(Object(Illuminate\\Http\\Request))
#75 D:\\Dream\\Laravel Deep Learning\\zyco\\public\\index.php(51): Illuminate\\Foundation\\Http\\Kernel->handle(Object(Illuminate\\Http\\Request))
#76 D:\\Dream\\Laravel Deep Learning\\zyco\\vendor\\laravel\\framework\\src\\Illuminate\\Foundation\\resources\\server.php(16): require_once('D:\\\\Dream\\\\Larave...')
#77 {main}
"} 
